Performing C SOURCE FILE Test C_FLAG_QUNUSED_ARGUMENTS failed with the following output:
Change Dir: /home/delld/xyy/seall/build/CMakeFiles/CMakeTmp

Run Build Command(s):/usr/bin/gmake -f Makefile cmTC_8bb36/fast && /usr/bin/gmake  -f CMakeFiles/cmTC_8bb36.dir/build.make CMakeFiles/cmTC_8bb36.dir/build
gmake[1]: Entering directory '/home/delld/xyy/seall/build/CMakeFiles/CMakeTmp'
Building C object CMakeFiles/cmTC_8bb36.dir/src.c.o
/usr/bin/cc -DC_FLAG_QUNUSED_ARGUMENTS  -Wall -Wextra -Wundef -Wshadow -Wcast-align -Wcast-qual -Wstrict-prototypes -DDEBUGLEVEL=1  -fPIE   -Qunused-arguments -o CMakeFiles/cmTC_8bb36.dir/src.c.o -c /home/delld/xyy/seall/build/CMakeFiles/CMakeTmp/src.c
cc: error: unrecognized command-line option '-Qunused-arguments'
gmake[1]: *** [CMakeFiles/cmTC_8bb36.dir/build.make:78: CMakeFiles/cmTC_8bb36.dir/src.c.o] Error 1
gmake[1]: Leaving directory '/home/delld/xyy/seall/build/CMakeFiles/CMakeTmp'
gmake: *** [Makefile:127: cmTC_8bb36/fast] Error 2


Source file was:
int main(void) { return 0; }
Performing C++ SOURCE FILE Test CXX_FLAG_QUNUSED_ARGUMENTS failed with the following output:
Change Dir: /home/delld/xyy/seall/build/CMakeFiles/CMakeTmp

Run Build Command(s):/usr/bin/gmake -f Makefile cmTC_31495/fast && /usr/bin/gmake  -f CMakeFiles/cmTC_31495.dir/build.make CMakeFiles/cmTC_31495.dir/build
gmake[1]: Entering directory '/home/delld/xyy/seall/build/CMakeFiles/CMakeTmp'
Building CXX object CMakeFiles/cmTC_31495.dir/src.cxx.o
/usr/bin/c++ -DCXX_FLAG_QUNUSED_ARGUMENTS  -Wall -Wextra -Wconversion -Wshadow -pedantic -Wall -Wextra -Wundef -Wshadow -Wcast-align -Wcast-qual -DDEBUGLEVEL=1  -fPIE   -Qunused-arguments -o CMakeFiles/cmTC_31495.dir/src.cxx.o -c /home/delld/xyy/seall/build/CMakeFiles/CMakeTmp/src.cxx
c++: error: unrecognized command-line option '-Qunused-arguments'
gmake[1]: *** [CMakeFiles/cmTC_31495.dir/build.make:78: CMakeFiles/cmTC_31495.dir/src.cxx.o] Error 1
gmake[1]: Leaving directory '/home/delld/xyy/seall/build/CMakeFiles/CMakeTmp'
gmake: *** [Makefile:127: cmTC_31495/fast] Error 2


Source file was:
int main() { return 0; }
Performing C++ SOURCE FILE Test SEAL_MEMSET_S_FOUND failed with the following compile output:
Change Dir: /home/delld/xyy/seall/build/CMakeFiles/CMakeTmp

Run Build Command(s):/usr/bin/gmake -f Makefile cmTC_54406/fast && /usr/bin/gmake  -f CMakeFiles/cmTC_54406.dir/build.make CMakeFiles/cmTC_54406.dir/build
gmake[1]: Entering directory '/home/delld/xyy/seall/build/CMakeFiles/CMakeTmp'
Building CXX object CMakeFiles/cmTC_54406.dir/src.cxx.o
/usr/bin/c++ -DSEAL_MEMSET_S_FOUND  -Wall -Wextra -Wconversion -Wshadow -pedantic  -fPIE -o CMakeFiles/cmTC_54406.dir/src.cxx.o -c /home/delld/xyy/seall/build/CMakeFiles/CMakeTmp/src.cxx
/home/delld/xyy/seall/build/CMakeFiles/CMakeTmp/src.cxx: In function ‘int main()’:
/home/delld/xyy/seall/build/CMakeFiles/CMakeTmp/src.cxx:7:17: error: ‘memset_s’ was not declared in this scope; did you mean ‘memset’?
    7 |         int r = memset_s(str, sizeof(str), 'a', 5);
      |                 ^~~~~~~~
      |                 memset
gmake[1]: *** [CMakeFiles/cmTC_54406.dir/build.make:78: CMakeFiles/cmTC_54406.dir/src.cxx.o] Error 1
gmake[1]: Leaving directory '/home/delld/xyy/seall/build/CMakeFiles/CMakeTmp'
gmake: *** [Makefile:127: cmTC_54406/fast] Error 2


...and run output:

Return value: 1
Source file was:

    #define __STDC_WANT_LIB_EXT1__ 1
    #include <string.h>
    int main(void)
    {
        char str[] = "ghghghghghghghghghghgh";
        int r = memset_s(str, sizeof(str), 'a', 5);
        return r;
    }
Determining if the explicit_memset exist failed with the following output:
Change Dir: /home/delld/xyy/seall/build/CMakeFiles/CMakeTmp

Run Build Command(s):/usr/bin/gmake -f Makefile cmTC_212d9/fast && /usr/bin/gmake  -f CMakeFiles/cmTC_212d9.dir/build.make CMakeFiles/cmTC_212d9.dir/build
gmake[1]: Entering directory '/home/delld/xyy/seall/build/CMakeFiles/CMakeTmp'
Building C object CMakeFiles/cmTC_212d9.dir/CheckSymbolExists.c.o
/usr/bin/cc   -fPIE -o CMakeFiles/cmTC_212d9.dir/CheckSymbolExists.c.o -c /home/delld/xyy/seall/build/CMakeFiles/CMakeTmp/CheckSymbolExists.c
/home/delld/xyy/seall/build/CMakeFiles/CMakeTmp/CheckSymbolExists.c: In function ‘main’:
/home/delld/xyy/seall/build/CMakeFiles/CMakeTmp/CheckSymbolExists.c:8:19: error: ‘explicit_memset’ undeclared (first use in this function)
    8 |   return ((int*)(&explicit_memset))[argc];
      |                   ^~~~~~~~~~~~~~~
/home/delld/xyy/seall/build/CMakeFiles/CMakeTmp/CheckSymbolExists.c:8:19: note: each undeclared identifier is reported only once for each function it appears in
gmake[1]: *** [CMakeFiles/cmTC_212d9.dir/build.make:78: CMakeFiles/cmTC_212d9.dir/CheckSymbolExists.c.o] Error 1
gmake[1]: Leaving directory '/home/delld/xyy/seall/build/CMakeFiles/CMakeTmp'
gmake: *** [Makefile:127: cmTC_212d9/fast] Error 2


File /home/delld/xyy/seall/build/CMakeFiles/CMakeTmp/CheckSymbolExists.c:
/* */
#include <string.h>

int main(int argc, char** argv)
{
  (void)argv;
#ifndef explicit_memset
  return ((int*)(&explicit_memset))[argc];
#else
  (void)argc;
  return 0;
#endif
}
